<?xml version="1.0" encoding="UTF-8"?>
<testng-results ignored="0" total="1" passed="1" failed="0" skipped="0">
  <reporter-output>
  </reporter-output>
  <suite started-at="2025-01-23T11:53:40 CET" name="Default suite" finished-at="2025-01-23T11:53:50 CET" duration-ms="10305">
    <groups>
    </groups>
    <test started-at="2025-01-23T11:53:40 CET" name="Default test" finished-at="2025-01-23T11:53:50 CET" duration-ms="10305">
      <class name="facebook.test.Login_Facebook">
        <test-method signature="loginwithrightcredentials()[pri:0, instance:facebook.test.Login_Facebook@52e6fdee]" started-at="2025-01-23T11:53:40 CET" name="loginwithrightcredentials" finished-at="2025-01-23T11:53:50 CET" duration-ms="10268" status="PASS">
          <reporter-output>
          </reporter-output>
        </test-method> <!-- loginwithrightcredentials -->
      </class> <!-- facebook.test.Login_Facebook -->
    </test> <!-- Default test -->
  </suite> <!-- Default suite -->
</testng-results>
